
2025/01/24 (17:14:53) | ===> btop++ v.1.4.0
2025/01/24 (17:14:53) | WARNING: NVML: Failed to get maximum GPU power draw, defaulting to 225W: Not Supported
2025/01/24 (17:14:53) | WARNING: Intel GPU: Failed to initialize PMU
2025/01/24 (17:15:16) | ERROR: Couldn't determine terminal size of "STDOUT_FILENO"!
2025/01/24 (17:15:16) | ERROR: Couldn't determine terminal size of "/dev/tty"!

2025/01/24 (17:37:14) | ===> btop++ v.1.4.0
2025/01/24 (17:37:14) | WARNING: NVML: Failed to get maximum GPU power draw, defaulting to 225W: Not Supported
2025/01/24 (17:37:14) | WARNING: Intel GPU: Failed to initialize PMU

2025/01/24 (17:37:50) | ===> btop++ v.1.4.0
2025/01/24 (17:37:50) | WARNING: NVML: Failed to get maximum GPU power draw, defaulting to 225W: Not Supported
2025/01/24 (17:37:50) | WARNING: Intel GPU: Failed to initialize PMU

2025/01/24 (20:36:23) | ===> btop++ v.1.4.0
2025/01/24 (20:36:23) | WARNING: NVML: Failed to get maximum GPU power draw, defaulting to 225W: Not Supported
2025/01/24 (20:36:23) | WARNING: Intel GPU: Failed to initialize PMU

2025/01/24 (20:50:18) | ===> btop++ v.1.4.0
2025/01/24 (20:50:18) | WARNING: NVML: Failed to get maximum GPU power draw, defaulting to 225W: Not Supported
2025/01/24 (20:50:18) | WARNING: Intel GPU: Failed to initialize PMU

2025/01/24 (21:52:14) | ===> btop++ v.1.4.0
2025/01/24 (21:52:14) | WARNING: NVML: Failed to get maximum GPU power draw, defaulting to 225W: Not Supported
2025/01/24 (21:52:14) | WARNING: Intel GPU: Failed to initialize PMU

2025/01/24 (22:11:01) | ===> btop++ v.1.4.0
2025/01/24 (22:11:01) | WARNING: NVML: Failed to get maximum GPU power draw, defaulting to 225W: Not Supported
2025/01/24 (22:11:01) | WARNING: Intel GPU: Failed to initialize PMU

2025/01/24 (22:38:45) | ===> btop++ v.1.4.0
2025/01/24 (22:38:45) | WARNING: NVML: Failed to get maximum GPU power draw, defaulting to 225W: Not Supported
2025/01/24 (22:38:45) | WARNING: Intel GPU: Failed to initialize PMU

2025/01/24 (22:42:02) | ===> btop++ v.1.4.0
2025/01/24 (22:42:02) | WARNING: NVML: Failed to get maximum GPU power draw, defaulting to 225W: Not Supported
2025/01/24 (22:42:02) | WARNING: Intel GPU: Failed to initialize PMU

2025/01/24 (22:53:11) | ===> btop++ v.1.4.0
2025/01/24 (22:53:11) | WARNING: NVML: Failed to get maximum GPU power draw, defaulting to 225W: Not Supported
2025/01/24 (22:53:11) | WARNING: Intel GPU: Failed to initialize PMU

2025/01/24 (23:06:29) | ===> btop++ v.1.4.0
2025/01/24 (23:06:29) | WARNING: NVML: Failed to get maximum GPU power draw, defaulting to 225W: Not Supported
2025/01/24 (23:06:29) | WARNING: Intel GPU: Failed to initialize PMU

2025/01/24 (23:34:47) | ===> btop++ v.1.4.0
2025/01/24 (23:34:47) | WARNING: NVML: Failed to get maximum GPU power draw, defaulting to 225W: Not Supported
2025/01/24 (23:34:47) | WARNING: Intel GPU: Failed to initialize PMU

2025/01/25 (01:24:01) | ===> btop++ v.1.4.0
2025/01/25 (01:24:01) | WARNING: NVML: Failed to get maximum GPU power draw, defaulting to 225W: Not Supported
2025/01/25 (01:24:01) | WARNING: Intel GPU: Failed to initialize PMU

2025/01/25 (02:12:57) | ===> btop++ v.1.4.0
2025/01/25 (02:12:57) | WARNING: NVML: Failed to get maximum GPU power draw, defaulting to 225W: Not Supported
2025/01/25 (02:12:57) | WARNING: Intel GPU: Failed to initialize PMU

2025/01/25 (03:24:04) | ===> btop++ v.1.4.0
2025/01/25 (03:24:04) | WARNING: NVML: Failed to get maximum GPU power draw, defaulting to 225W: Not Supported
2025/01/25 (03:24:04) | WARNING: Intel GPU: Failed to initialize PMU

2025/01/25 (03:39:28) | ===> btop++ v.1.4.0
2025/01/25 (03:39:28) | WARNING: NVML: Failed to get maximum GPU power draw, defaulting to 225W: Not Supported
2025/01/25 (03:39:28) | WARNING: Intel GPU: Failed to initialize PMU

2025/01/25 (03:49:10) | ===> btop++ v.1.4.0
2025/01/25 (03:49:10) | WARNING: NVML: Failed to get maximum GPU power draw, defaulting to 225W: Not Supported
2025/01/25 (03:49:10) | WARNING: Intel GPU: Failed to initialize PMU

2025/01/25 (09:56:38) | ===> btop++ v.1.4.0
2025/01/25 (09:56:38) | WARNING: NVML: Failed to get maximum GPU power draw, defaulting to 225W: Not Supported
2025/01/25 (09:56:38) | WARNING: Intel GPU: Failed to initialize PMU

2025/01/25 (09:57:31) | ===> btop++ v.1.4.0
2025/01/25 (09:57:31) | WARNING: NVML: Failed to get maximum GPU power draw, defaulting to 225W: Not Supported
2025/01/25 (09:57:31) | WARNING: Intel GPU: Failed to initialize PMU

2025/01/25 (10:32:51) | ===> btop++ v.1.4.0
2025/01/25 (10:32:51) | WARNING: NVML: Failed to get maximum GPU power draw, defaulting to 225W: Not Supported
2025/01/25 (10:32:51) | WARNING: Intel GPU: Failed to initialize PMU

2025/01/25 (18:02:27) | ===> btop++ v.1.4.0
2025/01/25 (18:02:27) | WARNING: NVML: Failed to get maximum GPU power draw, defaulting to 225W: Not Supported
2025/01/25 (18:02:27) | WARNING: Intel GPU: Failed to initialize PMU

2025/01/25 (18:04:59) | ===> btop++ v.1.4.0
2025/01/25 (18:04:59) | WARNING: NVML: Failed to get maximum GPU power draw, defaulting to 225W: Not Supported
2025/01/25 (18:04:59) | WARNING: Intel GPU: Failed to initialize PMU

2025/01/25 (18:08:26) | ===> btop++ v.1.4.0
2025/01/25 (18:08:26) | WARNING: NVML: Failed to get maximum GPU power draw, defaulting to 225W: Not Supported
2025/01/25 (18:08:26) | WARNING: Intel GPU: Failed to initialize PMU

2025/01/25 (18:36:30) | ===> btop++ v.1.4.0
2025/01/25 (18:36:30) | WARNING: NVML: Failed to get maximum GPU power draw, defaulting to 225W: Not Supported
2025/01/25 (18:36:30) | WARNING: Intel GPU: Failed to initialize PMU

2025/01/25 (21:40:27) | ===> btop++ v.1.4.0
2025/01/25 (21:40:27) | WARNING: NVML: Failed to get maximum GPU power draw, defaulting to 225W: Not Supported
2025/01/25 (21:40:27) | WARNING: Intel GPU: Failed to initialize PMU

2025/01/26 (18:40:13) | ===> btop++ v.1.4.0
2025/01/26 (18:40:13) | WARNING: NVML: Failed to get maximum GPU power draw, defaulting to 225W: Not Supported
2025/01/26 (18:40:13) | WARNING: Intel GPU: Failed to initialize PMU

2025/01/27 (05:42:13) | ===> btop++ v.1.4.0
2025/01/27 (05:42:13) | WARNING: NVML: Failed to get maximum GPU power draw, defaulting to 225W: Not Supported
2025/01/27 (05:42:13) | WARNING: Intel GPU: Failed to initialize PMU

2025/01/27 (07:05:25) | ===> btop++ v.1.4.0
2025/01/27 (07:05:25) | WARNING: NVML: Failed to get maximum GPU power draw, defaulting to 225W: Not Supported
2025/01/27 (07:05:25) | WARNING: Intel GPU: Failed to initialize PMU

2025/01/28 (02:24:34) | ===> btop++ v.1.4.0
2025/01/28 (02:24:34) | WARNING: NVML: Failed to get maximum GPU power draw, defaulting to 225W: Not Supported
2025/01/28 (02:24:34) | WARNING: Intel GPU: Failed to initialize PMU

2025/01/28 (02:35:08) | ===> btop++ v.1.4.0
2025/01/28 (02:35:08) | WARNING: NVML: Failed to get maximum GPU power draw, defaulting to 225W: Not Supported
2025/01/28 (02:35:08) | WARNING: Intel GPU: Failed to initialize PMU

2025/01/28 (03:08:19) | ===> btop++ v.1.4.0
2025/01/28 (03:08:19) | WARNING: NVML: Failed to get maximum GPU power draw, defaulting to 225W: Not Supported
2025/01/28 (03:08:19) | WARNING: Intel GPU: Failed to initialize PMU

2025/01/28 (03:11:26) | ===> btop++ v.1.4.0
2025/01/28 (03:11:26) | WARNING: NVML: Failed to get maximum GPU power draw, defaulting to 225W: Not Supported
2025/01/28 (03:11:26) | WARNING: Intel GPU: Failed to initialize PMU

2025/01/28 (03:20:13) | ===> btop++ v.1.4.0
2025/01/28 (03:20:13) | WARNING: NVML: Failed to get maximum GPU power draw, defaulting to 225W: Not Supported
2025/01/28 (03:20:13) | WARNING: Intel GPU: Failed to initialize PMU

2025/01/28 (03:32:21) | ===> btop++ v.1.4.0
2025/01/28 (03:32:21) | WARNING: NVML: Failed to get maximum GPU power draw, defaulting to 225W: Not Supported

2025/01/29 (00:19:31) | ===> btop++ v.1.4.0
2025/01/29 (00:19:31) | WARNING: NVML: Failed to get maximum GPU power draw, defaulting to 225W: Not Supported
2025/01/29 (00:19:31) | WARNING: Intel GPU: Failed to initialize PMU

2025/01/29 (03:28:04) | ===> btop++ v.1.4.0
2025/01/29 (03:28:04) | WARNING: NVML: Failed to get maximum GPU power draw, defaulting to 225W: Not Supported

2025/01/30 (02:35:48) | ===> btop++ v.1.4.0
2025/01/30 (02:35:48) | WARNING: NVML: Failed to get maximum GPU power draw, defaulting to 225W: Not Supported

2025/01/30 (02:35:57) | ===> btop++ v.1.4.0
2025/01/30 (02:35:57) | WARNING: NVML: Failed to get maximum GPU power draw, defaulting to 225W: Not Supported

2025/01/30 (15:50:31) | ===> btop++ v.1.4.0
2025/01/30 (15:50:31) | WARNING: NVML: Failed to get maximum GPU power draw, defaulting to 225W: Not Supported

2025/01/30 (18:00:26) | ===> btop++ v.1.4.0
2025/01/30 (18:00:26) | WARNING: NVML: Failed to get maximum GPU power draw, defaulting to 225W: Not Supported

2025/01/30 (18:19:15) | ===> btop++ v.1.4.0
2025/01/30 (18:19:15) | WARNING: NVML: Failed to get maximum GPU power draw, defaulting to 225W: Not Supported

2025/01/30 (18:19:24) | ===> btop++ v.1.4.0
2025/01/30 (18:19:24) | WARNING: NVML: Failed to get maximum GPU power draw, defaulting to 225W: Not Supported

2025/01/31 (15:28:50) | ===> btop++ v.1.4.0
2025/01/31 (15:28:50) | WARNING: NVML: Failed to get maximum GPU power draw, defaulting to 225W: Not Supported

2025/01/31 (19:11:44) | ===> btop++ v.1.4.0
2025/01/31 (19:11:44) | WARNING: NVML: Failed to get maximum GPU power draw, defaulting to 225W: Not Supported

2025/02/02 (22:57:56) | ===> btop++ v.1.4.0
2025/02/02 (22:57:56) | WARNING: NVML: Failed to get maximum GPU power draw, defaulting to 225W: Not Supported
